<?xml version="1.0" encoding="UTF-8"?>
<!-- Generated by org.testng.reporters.JUnitXMLReporter -->
<testsuite hostname="TDG-MBL-GDL623" ignored="0" name="Command line test" tests="5" failures="0" timestamp="14 Mar 2019 21:23:18 GMT" time="0.033" errors="0">
  <testcase name="IOSApps" time="0.008" classname="seleniumcourse.AppiumTest"/>
  <testcase name="NativeAppAndroid" time="0.0" classname="seleniumcourse.AppiumTest"/>
  <testcase name="DeleteTwitter" time="0.0" classname="seleniumcourse.RestAPITest"/>
  <testcase name="PostJira" time="0.0" classname="seleniumcourse.RestAPITest"/>
  <testcase name="elementsUI" time="0.0" classname="seleniumcourse.SeleniumTest"/>
</testsuite> <!-- Command line test -->
