<?xml version="1.0" encoding="UTF-8"?>
<testng-results skipped="0" failed="0" ignored="0" total="5" passed="5">
  <reporter-output>
  </reporter-output>
  <suite name="Command line suite" duration-ms="33" started-at="2019-03-14T21:23:18Z" finished-at="2019-03-14T21:23:18Z">
    <groups>
    </groups>
    <test name="Command line test" duration-ms="33" started-at="2019-03-14T21:23:18Z" finished-at="2019-03-14T21:23:18Z">
      <class name="seleniumcourse.SeleniumTest">
        <test-method status="PASS" signature="elementsUI()[pri:0, instance:seleniumcourse.SeleniumTest@79b4d0f]" name="elementsUI" duration-ms="0" started-at="2019-03-14T15:23:18Z" finished-at="2019-03-14T15:23:18Z">
          <reporter-output>
          </reporter-output>
        </test-method> <!-- elementsUI -->
      </class> <!-- seleniumcourse.SeleniumTest -->
      <class name="seleniumcourse.AppiumTest">
        <test-method status="PASS" signature="IOSApps()[pri:0, instance:seleniumcourse.AppiumTest@668bc3d5]" name="IOSApps" duration-ms="8" started-at="2019-03-14T15:23:18Z" finished-at="2019-03-14T15:23:18Z">
          <reporter-output>
          </reporter-output>
        </test-method> <!-- IOSApps -->
        <test-method status="PASS" signature="NativeAppAndroid()[pri:0, instance:seleniumcourse.AppiumTest@668bc3d5]" name="NativeAppAndroid" duration-ms="0" started-at="2019-03-14T15:23:18Z" finished-at="2019-03-14T15:23:18Z">
          <reporter-output>
          </reporter-output>
        </test-method> <!-- NativeAppAndroid -->
      </class> <!-- seleniumcourse.AppiumTest -->
      <class name="seleniumcourse.RestAPITest">
        <test-method status="PASS" signature="DeleteTwitter()[pri:0, instance:seleniumcourse.RestAPITest@3fb6a447]" name="DeleteTwitter" duration-ms="0" started-at="2019-03-14T15:23:18Z" finished-at="2019-03-14T15:23:18Z">
          <reporter-output>
          </reporter-output>
        </test-method> <!-- DeleteTwitter -->
        <test-method status="PASS" signature="PostJira()[pri:0, instance:seleniumcourse.RestAPITest@3fb6a447]" name="PostJira" duration-ms="0" started-at="2019-03-14T15:23:18Z" finished-at="2019-03-14T15:23:18Z">
          <reporter-output>
          </reporter-output>
        </test-method> <!-- PostJira -->
      </class> <!-- seleniumcourse.RestAPITest -->
    </test> <!-- Command line test -->
  </suite> <!-- Command line suite -->
</testng-results>
