<?xml version="1.0" encoding="UTF-8"?>
<testng-results skipped="0" failed="0" ignored="0" total="2" passed="2">
  <reporter-output>
  </reporter-output>
  <suite name="Suite" duration-ms="28" started-at="2019-03-15T20:18:00Z" finished-at="2019-03-15T20:18:00Z">
    <groups>
    </groups>
    <test name="Test" duration-ms="28" started-at="2019-03-15T20:18:00Z" finished-at="2019-03-15T20:18:00Z">
      <class name="seleniumcourse.SeleniumTest">
        <test-method status="PASS" signature="BrowserAutomation()[pri:0, instance:seleniumcourse.SeleniumTest@6fb554cc]" name="BrowserAutomation" duration-ms="6" started-at="2019-03-15T14:18:00Z" finished-at="2019-03-15T14:18:00Z">
          <reporter-output>
          </reporter-output>
        </test-method> <!-- BrowserAutomation -->
        <test-method status="PASS" signature="elementsUI()[pri:0, instance:seleniumcourse.SeleniumTest@6fb554cc]" name="elementsUI" duration-ms="0" started-at="2019-03-15T14:18:00Z" finished-at="2019-03-15T14:18:00Z">
          <reporter-output>
          </reporter-output>
        </test-method> <!-- elementsUI -->
      </class> <!-- seleniumcourse.SeleniumTest -->
    </test> <!-- Test -->
  </suite> <!-- Suite -->
</testng-results>
